<?xml version="1.0" encoding="UTF-8"?>
<!-- Generated by org.testng.reporters.JUnitReportReporter -->
<testsuite hostname="Ankit" failures="0" tests="1" name="BlackBoxTestClass.VerifyLengthClass" time="0.011" errors="0" timestamp="2021-01-06T00:16:52 EST" skipped="0">
  <testcase classname="BlackBoxTestClass.VerifyLengthClass" name="VerifyLengthofLonestWord" time="0.011"/>
  <system-out/>
</testsuite> <!-- BlackBoxTestClass.VerifyLengthClass -->
